{"/Users/pmittal/git-projects/my-github/aem-core/aemsamplereactapp/react-app/src/components/App/App.css": {"path":"/Users/pmittal/git-projects/my-github/aem-core/aemsamplereactapp/react-app/src/components/App/App.css","statementMap":{"0":{"start":{"line":1,"column":0},"end":{"line":1,"column":20}}},"fnMap":{},"branchMap":{},"s":{"0":1},"f":{},"b":{},"_coverageSchema":"332fd63041d2c1bcb487cc26dd0d5f7d97098a6c","hash":"1635817cd3b5214a2681ae5ff57d2d30024a1006"}
,"/Users/pmittal/git-projects/my-github/aem-core/aemsamplereactapp/react-app/src/components/App/index.js": {"path":"/Users/pmittal/git-projects/my-github/aem-core/aemsamplereactapp/react-app/src/components/App/index.js","statementMap":{"0":{"start":{"line":19,"column":0},"end":{"line":19,"column":21}},"1":{"start":{"line":24,"column":8},"end":{"line":29,"column":9}}},"fnMap":{"0":{"name":"(anonymous_0)","decl":{"start":{"line":23,"column":4},"end":{"line":23,"column":5}},"loc":{"start":{"line":23,"column":13},"end":{"line":30,"column":5}},"line":23}},"branchMap":{},"s":{"0":1,"1":1},"f":{"0":1},"b":{},"_coverageSchema":"332fd63041d2c1bcb487cc26dd0d5f7d97098a6c","hash":"42672fc9261b7b964255c3c7fddd9bcee039ebf5"}
,"/Users/pmittal/git-projects/my-github/aem-core/aemsamplereactapp/react-app/src/components/CustomModelClient/index.js": {"path":"/Users/pmittal/git-projects/my-github/aem-core/aemsamplereactapp/react-app/src/components/CustomModelClient/index.js","statementMap":{"0":{"start":{"line":19,"column":21},"end":{"line":23,"column":1}},"1":{"start":{"line":38,"column":8},"end":{"line":41,"column":9}},"2":{"start":{"line":39,"column":22},"end":{"line":39,"column":70}},"3":{"start":{"line":40,"column":12},"end":{"line":40,"column":50}},"4":{"start":{"line":44,"column":18},"end":{"line":44,"column":48}},"5":{"start":{"line":46,"column":8},"end":{"line":55,"column":11}},"6":{"start":{"line":47,"column":12},"end":{"line":54,"column":13}},"7":{"start":{"line":48,"column":16},"end":{"line":48,"column":39}},"8":{"start":{"line":50,"column":28},"end":{"line":50,"column":137}},"9":{"start":{"line":51,"column":16},"end":{"line":51,"column":42}},"10":{"start":{"line":53,"column":16},"end":{"line":53,"column":45}}},"fnMap":{"0":{"name":"(anonymous_0)","decl":{"start":{"line":36,"column":4},"end":{"line":36,"column":5}},"loc":{"start":{"line":36,"column":21},"end":{"line":56,"column":5}},"line":36},"1":{"name":"(anonymous_1)","decl":{"start":{"line":46,"column":45},"end":{"line":46,"column":46}},"loc":{"start":{"line":46,"column":64},"end":{"line":55,"column":9}},"line":46}},"branchMap":{"0":{"loc":{"start":{"line":38,"column":8},"end":{"line":41,"column":9}},"type":"if","locations":[{"start":{"line":38,"column":8},"end":{"line":41,"column":9}},{"start":{"line":38,"column":8},"end":{"line":41,"column":9}}],"line":38},"1":{"loc":{"start":{"line":47,"column":12},"end":{"line":54,"column":13}},"type":"if","locations":[{"start":{"line":47,"column":12},"end":{"line":54,"column":13}},{"start":{"line":47,"column":12},"end":{"line":54,"column":13}}],"line":47},"2":{"loc":{"start":{"line":47,"column":16},"end":{"line":47,"column":63}},"type":"binary-expr","locations":[{"start":{"line":47,"column":16},"end":{"line":47,"column":38}},{"start":{"line":47,"column":42},"end":{"line":47,"column":63}}],"line":47},"3":{"loc":{"start":{"line":50,"column":38},"end":{"line":50,"column":136}},"type":"binary-expr","locations":[{"start":{"line":50,"column":38},"end":{"line":50,"column":117}},{"start":{"line":50,"column":121},"end":{"line":50,"column":136}}],"line":50}},"s":{"0":1,"1":4,"2":1,"3":1,"4":3,"5":3,"6":2,"7":1,"8":1,"9":1,"10":1},"f":{"0":4,"1":2},"b":{"0":[1,3],"1":[1,1],"2":[2,2],"3":[1,0]},"_coverageSchema":"332fd63041d2c1bcb487cc26dd0d5f7d97098a6c","hash":"65b10aa8e1faa6dcbfcca3de110ed23be38b9c70"}
,"/Users/pmittal/git-projects/my-github/aem-core/aemsamplereactapp/react-app/src/components/HelloWorld/HelloWorld.js": {"path":"/Users/pmittal/git-projects/my-github/aem-core/aemsamplereactapp/react-app/src/components/HelloWorld/HelloWorld.js","statementMap":{"0":{"start":{"line":1,"column":0},"end":{"line":null,"column":-1}},"1":{"start":{"line":2,"column":0},"end":{"line":null,"column":-1}},"2":{"start":{"line":3,"column":0},"end":{"line":null,"column":-1}},"3":{"start":{"line":5,"column":29},"end":{"line":5,"column":0}},"4":{"start":{"line":10,"column":8},"end":{"line":null,"column":-1}},"5":{"start":{"line":18,"column":8},"end":{"line":24,"column":9}},"6":{"start":{"line":19,"column":12},"end":{"line":null,"column":-1}},"7":{"start":{"line":25,"column":8},"end":{"line":null,"column":-1}},"8":{"start":{"line":29,"column":0},"end":{"line":null,"column":-1}}},"fnMap":{"0":{"name":"(anonymous_0)","decl":{"start":{"line":9,"column":13},"end":{"line":9,"column":21}},"loc":{"start":{"line":9,"column":29},"end":{"line":11,"column":5}}},"1":{"name":"(anonymous_1)","decl":{"start":{"line":16,"column":4},"end":{"line":16,"column":9}},"loc":{"start":{"line":16,"column":13},"end":{"line":26,"column":5}}}},"branchMap":{"0":{"loc":{"start":{"line":10,"column":15},"end":{"line":10,"column":14}},"type":"binary-expr","locations":[{"start":{"line":10,"column":15},"end":{"line":10,"column":14}},{"start":{"line":10,"column":25},"end":{"line":10,"column":15}},{"start":{"line":10,"column":50},"end":{"line":10,"column":8}}]},"1":{"loc":{"start":{"line":18,"column":8},"end":{"line":24,"column":9}},"type":"if","locations":[{"start":{"line":18,"column":8},"end":{"line":24,"column":9}},{"start":{"line":18,"column":8},"end":{"line":24,"column":9}}]}},"s":{"0":0,"1":0,"2":0,"3":0,"4":0,"5":0,"6":0,"7":0,"8":0},"f":{"0":0,"1":0},"b":{"0":[0,0,0],"1":[0,0]}}
,"/Users/pmittal/git-projects/my-github/aem-core/aemsamplereactapp/react-app/src/components/Page/Page.css": {"path":"/Users/pmittal/git-projects/my-github/aem-core/aemsamplereactapp/react-app/src/components/Page/Page.css","statementMap":{"0":{"start":{"line":1,"column":0},"end":{"line":1,"column":20}}},"fnMap":{},"branchMap":{},"s":{"0":1},"f":{},"b":{},"_coverageSchema":"332fd63041d2c1bcb487cc26dd0d5f7d97098a6c","hash":"1a1fac3c349e2ab6aa4278b0b1344030508a98a7"}
,"/Users/pmittal/git-projects/my-github/aem-core/aemsamplereactapp/react-app/src/components/Page/index.js": {"path":"/Users/pmittal/git-projects/my-github/aem-core/aemsamplereactapp/react-app/src/components/Page/index.js","statementMap":{"0":{"start":{"line":19,"column":0},"end":{"line":19,"column":22}},"1":{"start":{"line":26,"column":20},"end":{"line":26,"column":40}},"2":{"start":{"line":27,"column":8},"end":{"line":27,"column":96}},"3":{"start":{"line":28,"column":8},"end":{"line":28,"column":20}}},"fnMap":{"0":{"name":"(anonymous_0)","decl":{"start":{"line":25,"column":4},"end":{"line":25,"column":5}},"loc":{"start":{"line":25,"column":25},"end":{"line":29,"column":5}},"line":25}},"branchMap":{"0":{"loc":{"start":{"line":27,"column":27},"end":{"line":27,"column":48}},"type":"binary-expr","locations":[{"start":{"line":27,"column":27},"end":{"line":27,"column":42}},{"start":{"line":27,"column":46},"end":{"line":27,"column":48}}],"line":27},"1":{"loc":{"start":{"line":27,"column":64},"end":{"line":27,"column":94}},"type":"binary-expr","locations":[{"start":{"line":27,"column":64},"end":{"line":27,"column":88}},{"start":{"line":27,"column":92},"end":{"line":27,"column":94}}],"line":27}},"s":{"0":1,"1":2,"2":2,"3":2},"f":{"0":2},"b":{"0":[2,0],"1":[2,1]},"_coverageSchema":"332fd63041d2c1bcb487cc26dd0d5f7d97098a6c","hash":"3a6bd846acfd1db48c685a61dbdb2bd6f67ceb08"}
,"/Users/pmittal/git-projects/my-github/aem-core/aemsamplereactapp/react-app/src/components/RouteHelper/index.js": {"path":"/Users/pmittal/git-projects/my-github/aem-core/aemsamplereactapp/react-app/src/components/RouteHelper/index.js","statementMap":{"0":{"start":{"line":30,"column":25},"end":{"line":46,"column":1}},"1":{"start":{"line":31,"column":4},"end":{"line":45,"column":5}},"2":{"start":{"line":33,"column":28},"end":{"line":33,"column":45}},"3":{"start":{"line":34,"column":12},"end":{"line":36,"column":13}},"4":{"start":{"line":35,"column":16},"end":{"line":35,"column":59}},"5":{"start":{"line":38,"column":12},"end":{"line":38,"column":44}},"6":{"start":{"line":41,"column":12},"end":{"line":43,"column":18}},"7":{"start":{"line":42,"column":16},"end":{"line":42,"column":75}}},"fnMap":{"0":{"name":"(anonymous_0)","decl":{"start":{"line":30,"column":25},"end":{"line":30,"column":26}},"loc":{"start":{"line":30,"column":58},"end":{"line":46,"column":1}},"line":30},"1":{"name":"(anonymous_1)","decl":{"start":{"line":32,"column":8},"end":{"line":32,"column":9}},"loc":{"start":{"line":32,"column":17},"end":{"line":44,"column":9}},"line":32},"2":{"name":"(anonymous_2)","decl":{"start":{"line":41,"column":99},"end":{"line":41,"column":100}},"loc":{"start":{"line":41,"column":115},"end":{"line":43,"column":13}},"line":41}},"branchMap":{"0":{"loc":{"start":{"line":34,"column":12},"end":{"line":36,"column":13}},"type":"if","locations":[{"start":{"line":34,"column":12},"end":{"line":36,"column":13}},{"start":{"line":34,"column":12},"end":{"line":36,"column":13}}],"line":34},"1":{"loc":{"start":{"line":38,"column":24},"end":{"line":38,"column":43}},"type":"binary-expr","locations":[{"start":{"line":38,"column":24},"end":{"line":38,"column":33}},{"start":{"line":38,"column":37},"end":{"line":38,"column":43}}],"line":38}},"s":{"0":2,"1":6,"2":4,"3":4,"4":3,"5":1,"6":1,"7":0},"f":{"0":6,"1":4,"2":0},"b":{"0":[3,1],"1":[1,1]},"_coverageSchema":"332fd63041d2c1bcb487cc26dd0d5f7d97098a6c","hash":"0300dd4780564671100e5460e8bc6d12a877742f"}
,"/Users/pmittal/git-projects/my-github/aem-core/aemsamplereactapp/react-app/src/components/Text/Text.css": {"path":"/Users/pmittal/git-projects/my-github/aem-core/aemsamplereactapp/react-app/src/components/Text/Text.css","statementMap":{"0":{"start":{"line":1,"column":0},"end":{"line":1,"column":20}}},"fnMap":{},"branchMap":{},"s":{"0":1},"f":{},"b":{},"_coverageSchema":"332fd63041d2c1bcb487cc26dd0d5f7d97098a6c","hash":"48dade559ed41170fc82985073fb78f3d8e46835"}
,"/Users/pmittal/git-projects/my-github/aem-core/aemsamplereactapp/react-app/src/components/Text/index.js": {"path":"/Users/pmittal/git-projects/my-github/aem-core/aemsamplereactapp/react-app/src/components/Text/index.js","statementMap":{"0":{"start":{"line":21,"column":0},"end":{"line":21,"column":22}},"1":{"start":{"line":28,"column":23},"end":{"line":35,"column":1}},"2":{"start":{"line":33,"column":8},"end":{"line":33,"column":69}},"3":{"start":{"line":43,"column":8},"end":{"line":43,"column":155}},"4":{"start":{"line":47,"column":8},"end":{"line":47,"column":44}},"5":{"start":{"line":51,"column":8},"end":{"line":51,"column":77}}},"fnMap":{"0":{"name":"(anonymous_0)","decl":{"start":{"line":32,"column":13},"end":{"line":32,"column":14}},"loc":{"start":{"line":32,"column":29},"end":{"line":34,"column":5}},"line":32},"1":{"name":"(anonymous_1)","decl":{"start":{"line":42,"column":4},"end":{"line":42,"column":5}},"loc":{"start":{"line":42,"column":26},"end":{"line":44,"column":5}},"line":42},"2":{"name":"(anonymous_2)","decl":{"start":{"line":46,"column":4},"end":{"line":46,"column":5}},"loc":{"start":{"line":46,"column":22},"end":{"line":48,"column":5}},"line":46},"3":{"name":"(anonymous_3)","decl":{"start":{"line":50,"column":4},"end":{"line":50,"column":5}},"loc":{"start":{"line":50,"column":13},"end":{"line":52,"column":5}},"line":50}},"branchMap":{"0":{"loc":{"start":{"line":33,"column":15},"end":{"line":33,"column":68}},"type":"binary-expr","locations":[{"start":{"line":33,"column":15},"end":{"line":33,"column":21}},{"start":{"line":33,"column":25},"end":{"line":33,"column":36}},{"start":{"line":33,"column":40},"end":{"line":33,"column":68}}],"line":33},"1":{"loc":{"start":{"line":51,"column":15},"end":{"line":51,"column":76}},"type":"cond-expr","locations":[{"start":{"line":51,"column":37},"end":{"line":51,"column":57}},{"start":{"line":51,"column":60},"end":{"line":51,"column":76}}],"line":51}},"s":{"0":1,"1":1,"2":0,"3":3,"4":2,"5":5},"f":{"0":0,"1":3,"2":2,"3":5},"b":{"0":[0,0,0],"1":[3,2]},"_coverageSchema":"332fd63041d2c1bcb487cc26dd0d5f7d97098a6c","hash":"261aeb8f496502aec8d901a8b521a358162d474b"}
,"/Users/pmittal/git-projects/my-github/aem-core/aemsamplereactapp/react-app/src/components/Utils/index.js": {"path":"/Users/pmittal/git-projects/my-github/aem-core/aemsamplereactapp/react-app/src/components/Utils/index.js","statementMap":{"0":{"start":{"line":23,"column":4},"end":{"line":23,"column":46}},"1":{"start":{"line":27,"column":4},"end":{"line":31,"column":5}},"2":{"start":{"line":28,"column":8},"end":{"line":28,"column":45}},"3":{"start":{"line":30,"column":8},"end":{"line":30,"column":21}}},"fnMap":{"0":{"name":"extractModelId","decl":{"start":{"line":22,"column":16},"end":{"line":22,"column":30}},"loc":{"start":{"line":22,"column":38},"end":{"line":24,"column":1}},"line":22},"1":{"name":"isBrowser","decl":{"start":{"line":26,"column":16},"end":{"line":26,"column":25}},"loc":{"start":{"line":26,"column":28},"end":{"line":32,"column":1}},"line":26}},"branchMap":{"0":{"loc":{"start":{"line":23,"column":11},"end":{"line":23,"column":45}},"type":"binary-expr","locations":[{"start":{"line":23,"column":11},"end":{"line":23,"column":15}},{"start":{"line":23,"column":19},"end":{"line":23,"column":45}}],"line":23}},"s":{"0":6,"1":1,"2":1,"3":0},"f":{"0":6,"1":1},"b":{"0":[6,3]},"_coverageSchema":"332fd63041d2c1bcb487cc26dd0d5f7d97098a6c","hash":"23f6ca88efc91cb976c4ca4ea1c2de11f42ea1f8"}
}
