TN:
SF:/Users/pmittal/git-projects/my-github/aem-core/react-app/src/components/App/App.css
FNF:0
FNH:0
DA:1,1
LF:1
LH:1
BRF:0
BRH:0
end_of_record
TN:
SF:/Users/pmittal/git-projects/my-github/aem-core/react-app/src/components/App/index.js
FN:23,(anonymous_0)
FNF:1
FNH:1
FNDA:1,(anonymous_0)
DA:19,1
DA:24,1
LF:2
LH:2
BRF:0
BRH:0
end_of_record
TN:
SF:/Users/pmittal/git-projects/my-github/aem-core/react-app/src/components/CustomModelClient/index.js
FN:36,(anonymous_0)
FN:46,(anonymous_1)
FNF:2
FNH:2
FNDA:4,(anonymous_0)
FNDA:2,(anonymous_1)
DA:19,1
DA:38,4
DA:39,1
DA:40,1
DA:44,3
DA:46,3
DA:47,2
DA:48,1
DA:50,1
DA:51,1
DA:53,1
LF:11
LH:11
BRDA:38,0,0,1
BRDA:38,0,1,3
BRDA:47,1,0,1
BRDA:47,1,1,1
BRDA:47,2,0,2
BRDA:47,2,1,2
BRDA:50,3,0,1
BRDA:50,3,1,0
BRF:8
BRH:7
end_of_record
TN:
SF:/Users/pmittal/git-projects/my-github/aem-core/react-app/src/components/Page/Page.css
FNF:0
FNH:0
DA:1,1
LF:1
LH:1
BRF:0
BRH:0
end_of_record
TN:
SF:/Users/pmittal/git-projects/my-github/aem-core/react-app/src/components/Page/index.js
FN:25,(anonymous_0)
FNF:1
FNH:1
FNDA:2,(anonymous_0)
DA:19,1
DA:26,2
DA:27,2
DA:28,2
LF:4
LH:4
BRDA:27,0,0,2
BRDA:27,0,1,0
BRDA:27,1,0,2
BRDA:27,1,1,1
BRF:4
BRH:3
end_of_record
TN:
SF:/Users/pmittal/git-projects/my-github/aem-core/react-app/src/components/RouteHelper/index.js
FN:30,(anonymous_0)
FN:32,(anonymous_1)
FN:41,(anonymous_2)
FNF:3
FNH:2
FNDA:6,(anonymous_0)
FNDA:4,(anonymous_1)
FNDA:0,(anonymous_2)
DA:30,2
DA:31,6
DA:33,4
DA:34,4
DA:35,3
DA:38,1
DA:41,1
DA:42,0
LF:8
LH:7
BRDA:34,0,0,3
BRDA:34,0,1,1
BRDA:38,1,0,1
BRDA:38,1,1,1
BRF:4
BRH:4
end_of_record
TN:
SF:/Users/pmittal/git-projects/my-github/aem-core/react-app/src/components/Text/Text.css
FNF:0
FNH:0
DA:1,1
LF:1
LH:1
BRF:0
BRH:0
end_of_record
TN:
SF:/Users/pmittal/git-projects/my-github/aem-core/react-app/src/components/Text/index.js
FN:32,(anonymous_0)
FN:42,(anonymous_1)
FN:46,(anonymous_2)
FN:50,(anonymous_3)
FNF:4
FNH:3
FNDA:0,(anonymous_0)
FNDA:3,(anonymous_1)
FNDA:2,(anonymous_2)
FNDA:5,(anonymous_3)
DA:21,1
DA:28,1
DA:33,0
DA:43,3
DA:47,2
DA:51,5
LF:6
LH:5
BRDA:33,0,0,0
BRDA:33,0,1,0
BRDA:33,0,2,0
BRDA:51,1,0,3
BRDA:51,1,1,2
BRF:5
BRH:2
end_of_record
TN:
SF:/Users/pmittal/git-projects/my-github/aem-core/react-app/src/components/Utils/index.js
FN:22,extractModelId
FN:26,isBrowser
FNF:2
FNH:2
FNDA:6,extractModelId
FNDA:1,isBrowser
DA:23,6
DA:27,1
DA:28,1
DA:30,0
LF:4
LH:3
BRDA:23,0,0,6
BRDA:23,0,1,3
BRF:2
BRH:2
end_of_record
